{"@t":"2022-02-14T17:22:06.0101217Z","@mt":"Seq {SeqVersion} running on OS {OSCaption}","SeqVersion":"2021.2.6459","OSCaption":"Linux 5.10.47-linuxkit #1 SMP Sat Jul 3 21:51:47 UTC 2021","SourceContext":"Seq.Server.Features.Diagnostics.EnvironmentInformationWriter"}
{"@t":"2022-02-14T17:22:06.0655076Z","@mt":"Seq detected {TotalRAM} MB of RAM","TotalRAM":8346.161152,"SourceContext":"Seq.Server.Features.Diagnostics.EnvironmentInformationWriter"}
{"@t":"2022-02-14T17:22:06.3686957Z","@mt":"Opening event store at {StreamPath}","StreamPath":"/data/Stream/stream.flare","SourceContext":"Flare.Cluster.StorageNodeCoordinator"}
{"@t":"2022-02-14T17:22:06.4167908Z","@mt":"Opening metastore {MetastorePath}","MetastorePath":"/data/Documents/documents.lmdb","SourceContext":"Quince.Storage.Lmdb.LmdbDocumentStore"}
{"@t":"2022-02-14T17:22:06.5085161Z","@mt":"Initializing a new metastore","SourceContext":"Quince.Storage.Lmdb.LmdbDocumentStore"}
{"@t":"2022-02-14T17:22:06.6390527Z","@mt":"Creating default workspace for {UserId}","UserId":"user-admin"}
{"@t":"2022-02-14T17:22:06.7154978Z","@mt":"Storage subsystem available"}
{"@t":"2022-02-14T17:22:06.7987332Z","@mt":"Seq listening on {ListenUris}","ListenUris":["http://localhost/","http://localhost:5341/"]}
{"@t":"2022-02-14T17:23:06.8037835Z","@mt":"{CollectionCount} more generation 2 garbage collection(s) occurred","CollectionCount":1,"SourceContext":"Seq.Server.Features.Diagnostics.GCLogger"}
{"@t":"2022-02-14T17:25:33.8510144Z","@mt":"Termination signal received"}
{"@t":"2022-02-14T17:25:33.8806974Z","@mt":"Signalling for {Workers} worker task(s) to complete","Workers":3,"SourceContext":"Flare.Workers.WorkerPool"}
{"@t":"2022-02-14T17:25:34.1280420Z","@mt":"Work {WorkDescription} ({WorkId}) completed with its token in a canceled state","WorkDescription":"Monitor alerts and trigger notifications","WorkId":"3a9ac312-8fb8-44f3-b024-775082ed7e0d","SourceContext":"Flare.Workers.WorkerPool"}
{"@t":"2022-02-14T17:25:34.4940358Z","@mt":"Work {WorkDescription} ({WorkId}) completed with its token in a canceled state","WorkDescription":"Manage event cache resources","WorkId":"4ea11fe6-46b9-4e40-9d90-eeff3bad0d74","SourceContext":"Flare.Workers.WorkerPool"}
{"@t":"2022-02-14T17:25:36.3670755Z","@mt":"Work {WorkDescription} ({WorkId}) completed with its token in a canceled state","WorkDescription":"Sample system memory","WorkId":"c9cf0f85-69a3-4d95-b760-1c0f3e945f21","SourceContext":"Flare.Workers.WorkerPool"}
{"@t":"2022-02-14T17:25:36.4166439Z","@mt":"Stopping {Tasks} scheduled tasks","Tasks":15,"SourceContext":"Seq.Server.Tasks.TaskRunner"}
{"@t":"2022-02-14T17:25:36.4210476Z","@mt":"Stopping input channel","SourceContext":"Seq.Server.Features.Apps.Inputs.InputChannel"}
{"@t":"2022-02-14T17:25:36.8536961Z","@mt":"Shutting down input channel; {AcceptedCount} queued events will be written","AcceptedCount":0,"SourceContext":"Seq.Server.Features.Apps.Inputs.InputChannel"}
{"@t":"2022-02-14T17:25:36.8556308Z","@mt":"Stopping broadcast channel","SourceContext":"Flare.Broadcast.BroadcastChannel"}
{"@t":"2022-02-14T17:25:37.8530031Z","@mt":"Shutting down broadcast channel with {AllowableFlush} flushable event batches (+{Tolerance} tolerance)","AllowableFlush":0,"Tolerance":15,"SourceContext":"Flare.Broadcast.BroadcastChannel"}
{"@t":"2022-02-14T17:25:37.8554642Z","@mt":"Closing event store","SourceContext":"Flare.Cluster.StorageNodeCoordinator"}
{"@t":"2022-02-14T17:25:37.8584492Z","@mt":"Closing metastore","SourceContext":"Quince.Storage.Lmdb.LmdbDocumentStore"}
{"@t":"2022-02-14T17:25:37.8604823Z","@mt":"Server stopped cleanly"}
{"@t":"2022-02-14T17:26:33.1394823Z","@mt":"Seq {SeqVersion} running on OS {OSCaption}","SeqVersion":"2021.2.6459","OSCaption":"Linux 5.10.47-linuxkit #1 SMP Sat Jul 3 21:51:47 UTC 2021","SourceContext":"Seq.Server.Features.Diagnostics.EnvironmentInformationWriter"}
{"@t":"2022-02-14T17:26:33.1899010Z","@mt":"Seq detected {TotalRAM} MB of RAM","TotalRAM":8346.161152,"SourceContext":"Seq.Server.Features.Diagnostics.EnvironmentInformationWriter"}
{"@t":"2022-02-14T17:26:33.3985502Z","@mt":"Opening event store at {StreamPath}","StreamPath":"/data/Stream/stream.flare","SourceContext":"Flare.Cluster.StorageNodeCoordinator"}
{"@t":"2022-02-14T17:26:33.4282721Z","@mt":"Opening metastore {MetastorePath}","MetastorePath":"/data/Documents/documents.lmdb","SourceContext":"Quince.Storage.Lmdb.LmdbDocumentStore"}
{"@t":"2022-02-14T17:26:33.4963774Z","@mt":"Storage subsystem available"}
{"@t":"2022-02-14T17:26:33.5631145Z","@mt":"Seq listening on {ListenUris}","ListenUris":["http://localhost/","http://localhost:5341/"]}
{"@t":"2022-02-14T17:27:33.5772338Z","@mt":"{CollectionCount} more generation 2 garbage collection(s) occurred","CollectionCount":1,"SourceContext":"Seq.Server.Features.Diagnostics.GCLogger"}
{"@t":"2022-02-14T17:31:24.5474106Z","@mt":"Termination signal received"}
{"@t":"2022-02-14T17:31:24.5834643Z","@mt":"Signalling for {Workers} worker task(s) to complete","Workers":3,"SourceContext":"Flare.Workers.WorkerPool"}
{"@t":"2022-02-14T17:31:24.8870241Z","@mt":"Work {WorkDescription} ({WorkId}) completed with its token in a canceled state","WorkDescription":"Monitor alerts and trigger notifications","WorkId":"346f9616-e943-4067-a147-84b2d732d977","SourceContext":"Flare.Workers.WorkerPool"}
{"@t":"2022-02-14T17:31:25.5093173Z","@mt":"Work {WorkDescription} ({WorkId}) completed with its token in a canceled state","WorkDescription":"Manage event cache resources","WorkId":"73d313c2-9857-45d6-bcfa-6020ad9b46b0","SourceContext":"Flare.Workers.WorkerPool"}
{"@t":"2022-02-14T17:31:28.3513846Z","@mt":"Work {WorkDescription} ({WorkId}) completed with its token in a canceled state","WorkDescription":"Sample system memory","WorkId":"b62b9883-b878-49e5-be98-354c45f1f52d","SourceContext":"Flare.Workers.WorkerPool"}
{"@t":"2022-02-14T17:31:28.4341737Z","@mt":"Stopping {Tasks} scheduled tasks","Tasks":15,"SourceContext":"Seq.Server.Tasks.TaskRunner"}
{"@t":"2022-02-14T17:31:28.4383000Z","@mt":"Stopping input channel","SourceContext":"Seq.Server.Features.Apps.Inputs.InputChannel"}
{"@t":"2022-02-14T17:31:28.6596757Z","@mt":"Shutting down input channel; {AcceptedCount} queued events will be written","AcceptedCount":0,"SourceContext":"Seq.Server.Features.Apps.Inputs.InputChannel"}
{"@t":"2022-02-14T17:31:28.6612097Z","@mt":"Stopping broadcast channel","SourceContext":"Flare.Broadcast.BroadcastChannel"}
{"@t":"2022-02-14T17:31:29.6600104Z","@mt":"Shutting down broadcast channel with {AllowableFlush} flushable event batches (+{Tolerance} tolerance)","AllowableFlush":0,"Tolerance":15,"SourceContext":"Flare.Broadcast.BroadcastChannel"}
{"@t":"2022-02-14T17:31:29.6627192Z","@mt":"Closing event store","SourceContext":"Flare.Cluster.StorageNodeCoordinator"}
{"@t":"2022-02-14T17:31:29.6643299Z","@mt":"Closing metastore","SourceContext":"Quince.Storage.Lmdb.LmdbDocumentStore"}
{"@t":"2022-02-14T17:31:29.6660046Z","@mt":"Server stopped cleanly"}
{"@t":"2022-02-14T17:52:24.2891091Z","@mt":"Seq {SeqVersion} running on OS {OSCaption}","SeqVersion":"2021.2.6459","OSCaption":"Linux 5.10.47-linuxkit #1 SMP Sat Jul 3 21:51:47 UTC 2021","SourceContext":"Seq.Server.Features.Diagnostics.EnvironmentInformationWriter"}
{"@t":"2022-02-14T17:52:24.3374450Z","@mt":"Seq detected {TotalRAM} MB of RAM","TotalRAM":8346.161152,"SourceContext":"Seq.Server.Features.Diagnostics.EnvironmentInformationWriter"}
{"@t":"2022-02-14T17:52:24.5620714Z","@mt":"Opening event store at {StreamPath}","StreamPath":"/data/Stream/stream.flare","SourceContext":"Flare.Cluster.StorageNodeCoordinator"}
{"@t":"2022-02-14T17:52:24.5952804Z","@mt":"Opening metastore {MetastorePath}","MetastorePath":"/data/Documents/documents.lmdb","SourceContext":"Quince.Storage.Lmdb.LmdbDocumentStore"}
{"@t":"2022-02-14T17:52:24.6800570Z","@mt":"Storage subsystem available"}
{"@t":"2022-02-14T17:52:24.7558145Z","@mt":"Seq listening on {ListenUris}","ListenUris":["http://localhost/","http://localhost:5341/"]}
{"@t":"2022-02-14T17:53:24.7825231Z","@mt":"{CollectionCount} more generation 2 garbage collection(s) occurred","CollectionCount":1,"SourceContext":"Seq.Server.Features.Diagnostics.GCLogger"}
{"@t":"2022-02-14T17:57:24.5833030Z","@mt":"Metrics sampled","CacheDays":0,"CacheEvents":0,"SystemMemoryUtilization":0.1443834205994493,"ProcessWorkingSetBytes":130269184,"ProcessThreads":42,"ArrivedEventsPerMinute":0,"IngestedEventsPerMinute":0,"IngestedBytesPerMinute":0,"InvalidPayloadsPerMinute":0,"UnauthorizedPayloadsPerMinute":0,"BroadcastQueueCount":0,"BroadcastSubscriptionQueuesAggregateCount":0}
